<?xml version="1.0" encoding="UTF-8"?>
<testsuite name="HomePageTest" tests="1" skipped="0" failures="0" errors="0" timestamp="2020-04-22T09:01:41" hostname="Sukeshs-MacBook-Pro-2.local" time="1.407">
  <properties/>
  <testcase name="shouldDisplayLogoLink" classname="HomePageTest" time="1.407"/>
  <system-out><![CDATA[]]></system-out>
  <system-err><![CDATA[Starting ChromeDriver 2.44.609545 (c2f88692e98ce7233d2df7c724465ecacfe74df5) on port 30965
Only local connections are allowed.
Apr 22, 2020 2:31:38 PM org.openqa.selenium.remote.ProtocolHandshake createSession
INFO: Detected dialect: OSS
]]></system-err>
</testsuite>
