<?xml version="1.0" encoding="UTF-8"?>
<testsuite name="LoginPageTest" tests="1" skipped="0" failures="0" errors="0" timestamp="2020-04-21T20:05:32" hostname="Sukeshs-MacBook-Pro-2.local" time="2.055">
  <properties/>
  <testcase name="shouldLogin" classname="LoginPageTest" time="2.055"/>
  <system-out><![CDATA[]]></system-out>
  <system-err><![CDATA[Starting ChromeDriver 2.44.609545 (c2f88692e98ce7233d2df7c724465ecacfe74df5) on port 5584
Only local connections are allowed.
Apr 22, 2020 1:35:22 AM org.openqa.selenium.remote.ProtocolHandshake createSession
INFO: Detected dialect: OSS
]]></system-err>
</testsuite>
